2024-10-22 16:05:08,195 - ERROR - An error occurred while sending private message to 'm': Message: no such element: Unable to locate element: {"method":"link text","selector":"Send private message"}
  (Session info: chrome=129.0.6668.101); For documentation on this error, please visit: https://www.selenium.dev/documentation/webdriver/troubleshooting/errors#no-such-element-exception
Stacktrace:
0   chromedriver                        0x0000000104f90500 cxxbridge1$str$ptr + 1917112
1   chromedriver                        0x0000000104f88890 cxxbridge1$str$ptr + 1885256
2   chromedriver                        0x0000000104b98538 cxxbridge1$string$len + 89424
3   chromedriver                        0x0000000104bdc878 cxxbridge1$string$len + 368784
4   chromedriver                        0x0000000104c16b7c cxxbridge1$string$len + 607124
5   chromedriver                        0x0000000104bd1374 cxxbridge1$string$len + 322444
6   chromedriver                        0x0000000104bd1fc4 cxxbridge1$string$len + 325596
7   chromedriver                        0x0000000104f57d2c cxxbridge1$str$ptr + 1685732
8   chromedriver                        0x0000000104f5c530 cxxbridge1$str$ptr + 1704168
9   chromedriver                        0x0000000104f3ce08 cxxbridge1$str$ptr + 1575360
10  chromedriver                        0x0000000104f5ce00 cxxbridge1$str$ptr + 1706424
11  chromedriver                        0x0000000104f2df94 cxxbridge1$str$ptr + 1514316
12  chromedriver                        0x0000000104f7962c cxxbridge1$str$ptr + 1823204
13  chromedriver                        0x0000000104f797ac cxxbridge1$str$ptr + 1823588
14  chromedriver                        0x0000000104f88530 cxxbridge1$str$ptr + 1884392
15  libsystem_pthread.dylib             0x000000019a387fa8 _pthread_start + 148
16  libsystem_pthread.dylib             0x000000019a382da0 thread_start + 8

