2024-11-05 02:59:07,175 - ERROR - Failed to find or click the Profile link: Message: 
Stacktrace:
0   chromedriver                        0x00000001054eb648 cxxbridge1$str$ptr + 3645404
1   chromedriver                        0x00000001054e3ea8 cxxbridge1$str$ptr + 3614780
2   chromedriver                        0x0000000104f50104 cxxbridge1$string$len + 88416
3   chromedriver                        0x0000000104f92364 cxxbridge1$string$len + 359360
4   chromedriver                        0x0000000104fcbbd0 cxxbridge1$string$len + 594988
5   chromedriver                        0x0000000104f86f54 cxxbridge1$string$len + 313264
6   chromedriver                        0x0000000104f87ba4 cxxbridge1$string$len + 316416
7   chromedriver                        0x00000001054b61e8 cxxbridge1$str$ptr + 3427196
8   chromedriver                        0x00000001054b952c cxxbridge1$str$ptr + 3440320
9   chromedriver                        0x000000010549d60c cxxbridge1$str$ptr + 3325856
10  chromedriver                        0x00000001054b9df0 cxxbridge1$str$ptr + 3442564
11  chromedriver                        0x000000010548e890 cxxbridge1$str$ptr + 3265060
12  chromedriver                        0x00000001054d4898 cxxbridge1$str$ptr + 3551788
13  chromedriver                        0x00000001054d4a14 cxxbridge1$str$ptr + 3552168
14  chromedriver                        0x00000001054e3b40 cxxbridge1$str$ptr + 3613908
15  libsystem_pthread.dylib             0x000000019a387fa8 _pthread_start + 148
16  libsystem_pthread.dylib             0x000000019a382da0 thread_start + 8

2024-11-05 02:59:18,718 - ERROR - Failed to find or click the Profile link: Message: 
Stacktrace:
0   chromedriver                        0x00000001054eb648 cxxbridge1$str$ptr + 3645404
1   chromedriver                        0x00000001054e3ea8 cxxbridge1$str$ptr + 3614780
2   chromedriver                        0x0000000104f50104 cxxbridge1$string$len + 88416
3   chromedriver                        0x0000000104f92364 cxxbridge1$string$len + 359360
4   chromedriver                        0x0000000104fcbbd0 cxxbridge1$string$len + 594988
5   chromedriver                        0x0000000104f86f54 cxxbridge1$string$len + 313264
6   chromedriver                        0x0000000104f87ba4 cxxbridge1$string$len + 316416
7   chromedriver                        0x00000001054b61e8 cxxbridge1$str$ptr + 3427196
8   chromedriver                        0x00000001054b952c cxxbridge1$str$ptr + 3440320
9   chromedriver                        0x000000010549d60c cxxbridge1$str$ptr + 3325856
10  chromedriver                        0x00000001054b9df0 cxxbridge1$str$ptr + 3442564
11  chromedriver                        0x000000010548e890 cxxbridge1$str$ptr + 3265060
12  chromedriver                        0x00000001054d4898 cxxbridge1$str$ptr + 3551788
13  chromedriver                        0x00000001054d4a14 cxxbridge1$str$ptr + 3552168
14  chromedriver                        0x00000001054e3b40 cxxbridge1$str$ptr + 3613908
15  libsystem_pthread.dylib             0x000000019a387fa8 _pthread_start + 148
16  libsystem_pthread.dylib             0x000000019a382da0 thread_start + 8

2024-11-05 02:59:29,932 - ERROR - Failed to find or click the Profile link: Message: 
Stacktrace:
0   chromedriver                        0x00000001054eb648 cxxbridge1$str$ptr + 3645404
1   chromedriver                        0x00000001054e3ea8 cxxbridge1$str$ptr + 3614780
2   chromedriver                        0x0000000104f50104 cxxbridge1$string$len + 88416
3   chromedriver                        0x0000000104f92364 cxxbridge1$string$len + 359360
4   chromedriver                        0x0000000104fcbbd0 cxxbridge1$string$len + 594988
5   chromedriver                        0x0000000104f86f54 cxxbridge1$string$len + 313264
6   chromedriver                        0x0000000104f87ba4 cxxbridge1$string$len + 316416
7   chromedriver                        0x00000001054b61e8 cxxbridge1$str$ptr + 3427196
8   chromedriver                        0x00000001054b952c cxxbridge1$str$ptr + 3440320
9   chromedriver                        0x000000010549d60c cxxbridge1$str$ptr + 3325856
10  chromedriver                        0x00000001054b9df0 cxxbridge1$str$ptr + 3442564
11  chromedriver                        0x000000010548e890 cxxbridge1$str$ptr + 3265060
12  chromedriver                        0x00000001054d4898 cxxbridge1$str$ptr + 3551788
13  chromedriver                        0x00000001054d4a14 cxxbridge1$str$ptr + 3552168
14  chromedriver                        0x00000001054e3b40 cxxbridge1$str$ptr + 3613908
15  libsystem_pthread.dylib             0x000000019a387fa8 _pthread_start + 148
16  libsystem_pthread.dylib             0x000000019a382da0 thread_start + 8

2024-11-05 02:59:40,519 - ERROR - Failed to find or click the Profile link: Message: 
Stacktrace:
0   chromedriver                        0x00000001054eb648 cxxbridge1$str$ptr + 3645404
1   chromedriver                        0x00000001054e3ea8 cxxbridge1$str$ptr + 3614780
2   chromedriver                        0x0000000104f50104 cxxbridge1$string$len + 88416
3   chromedriver                        0x0000000104f92364 cxxbridge1$string$len + 359360
4   chromedriver                        0x0000000104fcbbd0 cxxbridge1$string$len + 594988
5   chromedriver                        0x0000000104f86f54 cxxbridge1$string$len + 313264
6   chromedriver                        0x0000000104f87ba4 cxxbridge1$string$len + 316416
7   chromedriver                        0x00000001054b61e8 cxxbridge1$str$ptr + 3427196
8   chromedriver                        0x00000001054b952c cxxbridge1$str$ptr + 3440320
9   chromedriver                        0x000000010549d60c cxxbridge1$str$ptr + 3325856
10  chromedriver                        0x00000001054b9df0 cxxbridge1$str$ptr + 3442564
11  chromedriver                        0x000000010548e890 cxxbridge1$str$ptr + 3265060
12  chromedriver                        0x00000001054d4898 cxxbridge1$str$ptr + 3551788
13  chromedriver                        0x00000001054d4a14 cxxbridge1$str$ptr + 3552168
14  chromedriver                        0x00000001054e3b40 cxxbridge1$str$ptr + 3613908
15  libsystem_pthread.dylib             0x000000019a387fa8 _pthread_start + 148
16  libsystem_pthread.dylib             0x000000019a382da0 thread_start + 8

