2024-11-05 03:01:21,539 - INFO - Logout successful for 'a': (Duration 0.38924 s)
2024-11-05 03:01:23,300 - INFO - Logout successful for 'm': (Duration 0.37097 s)
2024-11-05 03:01:23,960 - INFO - Logout successful for 'c': (Duration 0.15616 s)
2024-11-05 03:01:24,601 - INFO - Logout successful for 'e': (Duration 0.14439 s)
2024-11-05 03:01:25,217 - INFO - Logout successful for 'f': (Duration 0.11791 s)
2024-11-05 03:01:35,771 - ERROR - Failed to find or click the Profile link: Message: 
Stacktrace:
0   chromedriver                        0x0000000102e77648 cxxbridge1$str$ptr + 3645404
1   chromedriver                        0x0000000102e6fea8 cxxbridge1$str$ptr + 3614780
2   chromedriver                        0x00000001028dc104 cxxbridge1$string$len + 88416
3   chromedriver                        0x000000010291e364 cxxbridge1$string$len + 359360
4   chromedriver                        0x0000000102957bd0 cxxbridge1$string$len + 594988
5   chromedriver                        0x0000000102912f54 cxxbridge1$string$len + 313264
6   chromedriver                        0x0000000102913ba4 cxxbridge1$string$len + 316416
7   chromedriver                        0x0000000102e421e8 cxxbridge1$str$ptr + 3427196
8   chromedriver                        0x0000000102e4552c cxxbridge1$str$ptr + 3440320
9   chromedriver                        0x0000000102e2960c cxxbridge1$str$ptr + 3325856
10  chromedriver                        0x0000000102e45df0 cxxbridge1$str$ptr + 3442564
11  chromedriver                        0x0000000102e1a890 cxxbridge1$str$ptr + 3265060
12  chromedriver                        0x0000000102e60898 cxxbridge1$str$ptr + 3551788
13  chromedriver                        0x0000000102e60a14 cxxbridge1$str$ptr + 3552168
14  chromedriver                        0x0000000102e6fb40 cxxbridge1$str$ptr + 3613908
15  libsystem_pthread.dylib             0x000000019a387fa8 _pthread_start + 148
16  libsystem_pthread.dylib             0x000000019a382da0 thread_start + 8

2024-11-05 03:01:46,429 - ERROR - Failed to find or click the Profile link: Message: 
Stacktrace:
0   chromedriver                        0x0000000102e77648 cxxbridge1$str$ptr + 3645404
1   chromedriver                        0x0000000102e6fea8 cxxbridge1$str$ptr + 3614780
2   chromedriver                        0x00000001028dc104 cxxbridge1$string$len + 88416
3   chromedriver                        0x000000010291e364 cxxbridge1$string$len + 359360
4   chromedriver                        0x0000000102957bd0 cxxbridge1$string$len + 594988
5   chromedriver                        0x0000000102912f54 cxxbridge1$string$len + 313264
6   chromedriver                        0x0000000102913ba4 cxxbridge1$string$len + 316416
7   chromedriver                        0x0000000102e421e8 cxxbridge1$str$ptr + 3427196
8   chromedriver                        0x0000000102e4552c cxxbridge1$str$ptr + 3440320
9   chromedriver                        0x0000000102e2960c cxxbridge1$str$ptr + 3325856
10  chromedriver                        0x0000000102e45df0 cxxbridge1$str$ptr + 3442564
11  chromedriver                        0x0000000102e1a890 cxxbridge1$str$ptr + 3265060
12  chromedriver                        0x0000000102e60898 cxxbridge1$str$ptr + 3551788
13  chromedriver                        0x0000000102e60a14 cxxbridge1$str$ptr + 3552168
14  chromedriver                        0x0000000102e6fb40 cxxbridge1$str$ptr + 3613908
15  libsystem_pthread.dylib             0x000000019a387fa8 _pthread_start + 148
16  libsystem_pthread.dylib             0x000000019a382da0 thread_start + 8

2024-11-05 03:01:56,788 - ERROR - Failed to find or click the Profile link: Message: 
Stacktrace:
0   chromedriver                        0x0000000102e77648 cxxbridge1$str$ptr + 3645404
1   chromedriver                        0x0000000102e6fea8 cxxbridge1$str$ptr + 3614780
2   chromedriver                        0x00000001028dc104 cxxbridge1$string$len + 88416
3   chromedriver                        0x000000010291e364 cxxbridge1$string$len + 359360
4   chromedriver                        0x0000000102957bd0 cxxbridge1$string$len + 594988
5   chromedriver                        0x0000000102912f54 cxxbridge1$string$len + 313264
6   chromedriver                        0x0000000102913ba4 cxxbridge1$string$len + 316416
7   chromedriver                        0x0000000102e421e8 cxxbridge1$str$ptr + 3427196
8   chromedriver                        0x0000000102e4552c cxxbridge1$str$ptr + 3440320
9   chromedriver                        0x0000000102e2960c cxxbridge1$str$ptr + 3325856
10  chromedriver                        0x0000000102e45df0 cxxbridge1$str$ptr + 3442564
11  chromedriver                        0x0000000102e1a890 cxxbridge1$str$ptr + 3265060
12  chromedriver                        0x0000000102e60898 cxxbridge1$str$ptr + 3551788
13  chromedriver                        0x0000000102e60a14 cxxbridge1$str$ptr + 3552168
14  chromedriver                        0x0000000102e6fb40 cxxbridge1$str$ptr + 3613908
15  libsystem_pthread.dylib             0x000000019a387fa8 _pthread_start + 148
16  libsystem_pthread.dylib             0x000000019a382da0 thread_start + 8

