2024-10-22 16:10:11,203 - ERROR - An error occurred while sending private message to 'm': Message: no such element: Unable to locate element: {"method":"link text","selector":"m"}
  (Session info: chrome=129.0.6668.101); For documentation on this error, please visit: https://www.selenium.dev/documentation/webdriver/troubleshooting/errors#no-such-element-exception
Stacktrace:
0   chromedriver                        0x0000000104520500 cxxbridge1$str$ptr + 1917112
1   chromedriver                        0x0000000104518890 cxxbridge1$str$ptr + 1885256
2   chromedriver                        0x0000000104128538 cxxbridge1$string$len + 89424
3   chromedriver                        0x000000010416c878 cxxbridge1$string$len + 368784
4   chromedriver                        0x00000001041a6b7c cxxbridge1$string$len + 607124
5   chromedriver                        0x0000000104161374 cxxbridge1$string$len + 322444
6   chromedriver                        0x0000000104161fc4 cxxbridge1$string$len + 325596
7   chromedriver                        0x00000001044e7d2c cxxbridge1$str$ptr + 1685732
8   chromedriver                        0x00000001044ec530 cxxbridge1$str$ptr + 1704168
9   chromedriver                        0x00000001044cce08 cxxbridge1$str$ptr + 1575360
10  chromedriver                        0x00000001044ece00 cxxbridge1$str$ptr + 1706424
11  chromedriver                        0x00000001044bdf94 cxxbridge1$str$ptr + 1514316
12  chromedriver                        0x000000010450962c cxxbridge1$str$ptr + 1823204
13  chromedriver                        0x00000001045097ac cxxbridge1$str$ptr + 1823588
14  chromedriver                        0x0000000104518530 cxxbridge1$str$ptr + 1884392
15  libsystem_pthread.dylib             0x000000019a387fa8 _pthread_start + 148
16  libsystem_pthread.dylib             0x000000019a382da0 thread_start + 8

